{"level":"info","message":"GET /books. Status: 200. Duration: 1 ms","service":"booking-api"}
{"level":"info","message":"GET /users/84c6673c-6fd6-4184-9193-6111f58c70f7/orders. Status: 200. Duration: 0 ms","service":"booking-api"}
{"level":"info","message":"GET /users/. Status: 200. Duration: 2 ms","service":"booking-api"}
{"level":"info","message":"GET /users/. Status: 200. Duration: 3 ms","service":"booking-api"}
{"level":"info","message":"GET /users/. Status: 200. Duration: 2 ms","service":"booking-api"}
{"level":"info","message":"GET /users/. Status: 200. Duration: 2 ms","service":"booking-api"}
{"level":"info","message":"GET /bookings. Status: 400. Duration: 6 ms","service":"booking-api"}
{"level":"info","message":"GET /bookings. Status: 200. Duration: 3 ms","service":"booking-api"}
{"level":"info","message":"GET /bookings. Status: 200. Duration: 2 ms","service":"booking-api"}
{"level":"info","message":"GET /bookings. Status: 200. Duration: 7 ms","service":"booking-api"}
{"level":"info","message":"GET /bookings. Status: 200. Duration: 3 ms","service":"booking-api"}
{"level":"info","message":"GET /bookings. Status: 400. Duration: 1 ms","service":"booking-api"}
{"level":"info","message":"GET /bookings. Status: 200. Duration: 1 ms","service":"booking-api"}
{"level":"info","message":"GET /bookings/a1234567-89ab-cdef-0123-456789abcdef. Status: 200. Duration: 0 ms","service":"booking-api"}
{"level":"info","message":"GET /bookings/a1234567-89ab-cdef-0123-456789abcdef. Status: 200. Duration: 0 ms","service":"booking-api"}
{"level":"info","message":"GET /bookings. Status: 200. Duration: 3 ms","service":"booking-api"}
{"level":"info","message":"GET /bookings?userid=a1234567-89ab-cdef-0123-456789abcdef. Status: 200. Duration: 2 ms","service":"booking-api"}
{"level":"info","message":"GET /bookings/a1234567-89ab-cdef-0123-456789abcdef. Status: 200. Duration: 0 ms","service":"booking-api"}
{"level":"info","message":"GET /bookings. Status: 200. Duration: 1 ms","service":"booking-api"}
{"level":"info","message":"GET /bookings/a1234567-89ab-cdef-0123-456789abcdef. Status: 200. Duration: 0 ms","service":"booking-api"}
{"level":"info","message":"GET /bookings/confirmed. Status: 200. Duration: 0 ms","service":"booking-api"}
{"level":"info","message":"GET /bookings/confirmed. Status: 200. Duration: 2 ms","service":"booking-api"}
{"level":"info","message":"GET /bookings/e2345678-90ab-cdef-0123-456789abcdef. Status: 200. Duration: 2 ms","service":"booking-api"}
{"level":"info","message":"GET /bookings/e2345678-90ab-cdef-0123-456789abcdef. Status: 200. Duration: 3 ms","service":"booking-api"}
{"level":"info","message":"GET /bookings. Status: 200. Duration: 3 ms","service":"booking-api"}
{"level":"info","message":"GET /users. Status: 200. Duration: 1 ms","service":"booking-api"}
{"level":"info","message":"GET /bookings/a1234567-89ab-cdef-0123-456789abcdef. Status: 200. Duration: 2 ms","service":"booking-api"}
{"level":"info","message":"GET /bookings/a1234567-89ab-cdef-0123-456789abcdef. Status: 400. Duration: 1 ms","service":"booking-api"}
{"level":"info","message":"GET /bookings/a1234567-89ab-cdef-0123-456789abcdef. Status: 200. Duration: 2 ms","service":"booking-api"}
{"level":"info","message":"GET /bookings/?userid=a1234567-89ab-cdef-0123-456789abcdef. Status: 200. Duration: 2 ms","service":"booking-api"}
{"level":"info","message":"GET /bookings/?userid=a1234567-89ab-cdef-0123-456789abcdef. Status: 200. Duration: 2 ms","service":"booking-api"}
{"level":"info","message":"GET /bookings?userid=a1234567-89ab-cdef-0123-456789abcdef. Status: 200. Duration: 2 ms","service":"booking-api"}
{"level":"info","message":"GET /bookings?userid=a1234567-89ab-cdef-0123-456789abcdef. Status: 200. Duration: 2 ms","service":"booking-api"}
{"level":"info","message":"GET /bookings/userid=a1234567-89ab-cdef-0123-456789abcdef. Status: 200. Duration: 3 ms","service":"booking-api"}
{"level":"info","message":"GET /bookings/userid=a1234567-89ab-cdef-0123-456789abcdef. Status: 200. Duration: 2 ms","service":"booking-api"}
{"level":"info","message":"GET /bookings/userid=a1234567-89ab-cdef-0123-456789abcdef. Status: 200. Duration: 2 ms","service":"booking-api"}
{"level":"info","message":"GET /. Status: 304. Duration: 2 ms","service":"booking-api"}
{"level":"info","message":"GET /favicon.ico. Status: 200. Duration: 0 ms","service":"booking-api"}
{"level":"info","message":"GET /bookings/userid=a1234567-89ab-cdef-0123-456789abcdef. Status: 200. Duration: 2 ms","service":"booking-api"}
{"level":"info","message":"GET /bookings/a1234567-89ab-cdef-0123-456789abcdef. Status: 200. Duration: 2 ms","service":"booking-api"}
{"level":"info","message":"GET /bookings/a1234567-89ab-cdef-0123-456789abcdef. Status: 200. Duration: 3 ms","service":"booking-api"}
{"level":"info","message":"GET /bookings/a1234567-89ab-cdef-0123-456789abcdef. Status: 200. Duration: 3 ms","service":"booking-api"}
{"level":"info","message":"GET /bookings. Status: 200. Duration: 10 ms","service":"booking-api"}
{"level":"info","message":"GET /bookings. Status: 200. Duration: 3 ms","service":"booking-api"}
{"level":"info","message":"GET /bookings. Status: 200. Duration: 4 ms","service":"booking-api"}
{"level":"info","message":"GET /bookings. Status: 200. Duration: 3 ms","service":"booking-api"}
{"level":"info","message":"GET /bookings. Status: 200. Duration: 3 ms","service":"booking-api"}
{"level":"info","message":"GET /bookings. Status: 200. Duration: 3 ms","service":"booking-api"}
{"level":"info","message":"GET /bookings. Status: 400. Duration: 1 ms","service":"booking-api"}
{"level":"info","message":"GET /bookings. Status: 200. Duration: 3 ms","service":"booking-api"}
{"level":"info","message":"GET /bookings. Status: 200. Duration: 4 ms","service":"booking-api"}
{"level":"info","message":"GET /bookings. Status: 200. Duration: 3 ms","service":"booking-api"}
{"level":"info","message":"GET /bookings. Status: 200. Duration: 3 ms","service":"booking-api"}
{"level":"info","message":"GET /bookings. Status: 200. Duration: 3 ms","service":"booking-api"}
{"level":"info","message":"GET /bookings. Status: 200. Duration: 3 ms","service":"booking-api"}
{"level":"info","message":"GET /bookings. Status: 200. Duration: 2 ms","service":"booking-api"}
{"level":"info","message":"GET /bookings. Status: 200. Duration: 3 ms","service":"booking-api"}
{"level":"info","message":"GET /bookings. Status: 400. Duration: 4 ms","service":"booking-api"}
{"level":"info","message":"GET /bookings. Status: 400. Duration: 1 ms","service":"booking-api"}
{"level":"info","message":"GET /bookings. Status: 200. Duration: 4 ms","service":"booking-api"}
{"level":"info","message":"GET /bookings. Status: 200. Duration: 3 ms","service":"booking-api"}
{"level":"info","message":"GET /bookings. Status: 200. Duration: 3 ms","service":"booking-api"}
{"level":"info","message":"GET /bookings. Status: 200. Duration: 3 ms","service":"booking-api"}
{"level":"info","message":"GET /bookings. Status: 200. Duration: 4 ms","service":"booking-api"}
{"level":"info","message":"GET /bookings. Status: 200. Duration: 55 ms","service":"booking-api"}
{"level":"info","message":"Timestamp: 13-11-2023, 20:10:50 GET /bookings. Status: 200. Duration: 3 ms","service":"booking-api"}
{"level":"info","message":"Timestamp: 13-11-2023, 20:13:14 Method: GET /bookings. Status: 200. Duration: 4 ms","service":"booking-api"}
{"level":"info","message":"Timestamp: 13-11-2023, 20:14:45 Method: GET /bookings. Status: 200. Duration: 4 ms","service":"booking-api"}
{"level":"info","message":"Timestamp: 14-11-2023, 19:21:31 Method: GET /users. Status: 400. Duration: 5 ms","service":"booking-api"}
{"level":"info","message":"Timestamp: 14-11-2023, 19:21:46 Method: GET /users. Status: 200. Duration: 4 ms","service":"booking-api"}
{"level":"info","message":"Timestamp: 14-11-2023, 19:29:32 Method: POST /booking. Status: 200. Duration: 1 ms","service":"booking-api"}
{"level":"info","message":"Timestamp: 14-11-2023, 19:37:48 Method: POST /bookings. Status: 201. Duration: 4 ms","service":"booking-api"}
{"level":"info","message":"Timestamp: 14-11-2023, 19:41:54 Method: POST /bookings. Status: 201. Duration: 6 ms","service":"booking-api"}
{"level":"info","message":"Timestamp: 14-11-2023, 19:43:26 Method: POST /bookings. Status: 201. Duration: 7 ms","service":"booking-api"}
{"level":"info","message":"Timestamp: 14-11-2023, 19:46:50 Method: POST /bookings. Status: 201. Duration: 38 ms","service":"booking-api"}
{"level":"info","message":"Timestamp: 14-11-2023, 19:47:30 Method: POST /bookings. Status: 201. Duration: 6 ms","service":"booking-api"}
{"level":"info","message":"Timestamp: 14-11-2023, 20:00:19 Method: POST /bookings. Status: 201. Duration: 9 ms","service":"booking-api"}
{"level":"info","message":"Timestamp: 14-11-2023, 20:03:53 Method: POST /bookings. Status: 201. Duration: 7 ms","service":"booking-api"}
{"level":"info","message":"Timestamp: 14-11-2023, 20:09:02 Method: POST /bookings. Status: 201. Duration: 7 ms","service":"booking-api"}
{"level":"info","message":"Timestamp: 14-11-2023, 20:09:30 Method: POST /bookings. Status: 201. Duration: 7 ms","service":"booking-api"}
{"level":"info","message":"Timestamp: 14-11-2023, 20:12:07 Method: POST /bookings. Status: 201. Duration: 6 ms","service":"booking-api"}
{"level":"info","message":"Timestamp: 14-11-2023, 20:14:38 Method: POST /bookings. Status: 201. Duration: 7 ms","service":"booking-api"}
{"level":"info","message":"Timestamp: 14-11-2023, 20:14:56 Method: POST /bookings. Status: 201. Duration: 3 ms","service":"booking-api"}
{"level":"info","message":"Timestamp: 14-11-2023, 20:17:21 Method: POST /bookings. Status: 201. Duration: 7 ms","service":"booking-api"}
{"level":"info","message":"Timestamp: 14-11-2023, 20:18:36 Method: POST /bookings. Status: 201. Duration: 7 ms","service":"booking-api"}
{"level":"info","message":"Timestamp: 14-11-2023, 20:19:21 Method: POST /bookings. Status: 201. Duration: 7 ms","service":"booking-api"}
{"level":"info","message":"Timestamp: 14-11-2023, 20:20:22 Method: POST /bookings. Status: 201. Duration: 7 ms","service":"booking-api"}
{"level":"info","message":"Timestamp: 14-11-2023, 20:31:08 Method: POST /bookings. Status: 201. Duration: 7 ms","service":"booking-api"}
{"level":"info","message":"Timestamp: 14-11-2023, 20:34:07 Method: POST /bookings. Status: 201. Duration: 6 ms","service":"booking-api"}
{"level":"info","message":"Timestamp: 14-11-2023, 20:35:24 Method: POST /bookings. Status: 201. Duration: 7 ms","service":"booking-api"}
{"level":"info","message":"Timestamp: 14-11-2023, 20:36:18 Method: POST /bookings. Status: 201. Duration: 7 ms","service":"booking-api"}
{"level":"info","message":"Timestamp: 16-11-2023, 20:47:36 Method: POST /bookings. Status: 201. Duration: 10 ms","service":"booking-api"}
{"level":"info","message":"Timestamp: 16-11-2023, 20:52:53 Method: POST /bookings. Status: 201. Duration: 12 ms","service":"booking-api"}
{"level":"info","message":"Timestamp: 16-11-2023, 20:53:56 Method: POST /bookings. Status: 201. Duration: 9 ms","service":"booking-api"}
{"level":"info","message":"Timestamp: 16-11-2023, 20:54:07 Method: POST /bookings. Status: 201. Duration: 12 ms","service":"booking-api"}
{"level":"info","message":"Timestamp: 16-11-2023, 20:55:10 Method: POST /bookings. Status: 201. Duration: 11 ms","service":"booking-api"}
{"level":"info","message":"Timestamp: 16-11-2023, 20:56:14 Method: POST /bookings. Status: 201. Duration: 11 ms","service":"booking-api"}
{"level":"info","message":"Timestamp: 16-11-2023, 20:57:36 Method: POST /bookings. Status: 201. Duration: 11 ms","service":"booking-api"}
{"level":"info","message":"Timestamp: 16-11-2023, 21:23:05 Method: GET /bookings. Status: 200. Duration: 0 ms","service":"booking-api"}
{"level":"info","message":"Timestamp: 16-11-2023, 21:23:23 Method: GET /bookings/e2345678-90ab-cdef-0123-456789abcdef. Status: 200. Duration: 0 ms","service":"booking-api"}
{"level":"info","message":"Timestamp: 16-11-2023, 21:23:34 Method: POST /bookings. Status: 200. Duration: 0 ms","service":"booking-api"}
{"level":"info","message":"Timestamp: 16-11-2023, 21:28:42 Method: GET /bookings. Status: 200. Duration: 41 ms","service":"booking-api"}
{"level":"info","message":"Timestamp: 16-11-2023, 21:28:52 Method: GET /bookings/e2345678-90ab-cdef-0123-456789abcdef. Status: 200. Duration: 11 ms","service":"booking-api"}
{"level":"info","message":"Timestamp: 16-11-2023, 21:29:16 Method: POST /bookings. Status: 201. Duration: 5 ms","service":"booking-api"}
{"level":"info","message":"Timestamp: 20-11-2023, 19:10:08 Method: DELETE /bookings/f0123456-78ab-cdef-0123-456789abcdef. Status: 404. Duration: 5 ms","service":"booking-api"}
{"level":"info","message":"Timestamp: 20-11-2023, 19:11:24 Method: DELETE /bookings/f0123456-78ab-cdef-0123-456789abcdef. Status: 404. Duration: 1 ms","service":"booking-api"}
{"level":"info","message":"Timestamp: 20-11-2023, 19:13:55 Method: DELETE /bookings/f0123456-78ab-cdef-0123-456789abcdef. Status: 404. Duration: 1 ms","service":"booking-api"}
{"level":"info","message":"Timestamp: 20-11-2023, 19:16:58 Method: POST /bookings/f0123456-78ab-cdef-0123-456789abcdef. Status: 404. Duration: 1 ms","service":"booking-api"}
{"level":"info","message":"Timestamp: 20-11-2023, 19:17:12 Method: DELETE /bookings/f0123456-78ab-cdef-0123-456789abcdef. Status: 404. Duration: 1 ms","service":"booking-api"}
{"level":"info","message":"Timestamp: 20-11-2023, 19:27:14 Method: DELETE /bookings/f0123456-78ab-cdef-0123-456789abcdef. Status: 200. Duration: 41 ms","service":"booking-api"}
{"level":"info","message":"Timestamp: 20-11-2023, 19:46:20 Method: PUT /bookings/e2345678-90ab-cdef-0123-456789abcdef. Status: 500. Duration: 8 ms","service":"booking-api"}
{"level":"info","message":"Timestamp: 20-11-2023, 19:47:45 Method: PUT /bookings/e2345678-90ab-cdef-0123-456789abcdef. Status: 500. Duration: 3 ms","service":"booking-api"}
{"level":"info","message":"Timestamp: 20-11-2023, 19:49:55 Method: PUT /bookings/e2345678-90ab-cdef-0123-456789abcdef. Status: 500. Duration: 2 ms","service":"booking-api"}
{"level":"info","message":"Timestamp: 20-11-2023, 19:50:32 Method: PUT /bookings/?id=e2345678-90ab-cdef-0123-456789abcdef. Status: 404. Duration: 1 ms","service":"booking-api"}
{"level":"info","message":"Timestamp: 20-11-2023, 19:51:38 Method: PUT /bookings/e2345678-90ab-cdef-0123-456789abcdef. Status: 500. Duration: 2 ms","service":"booking-api"}
{"level":"info","message":"Timestamp: 20-11-2023, 19:52:00 Method: GET /bookings/e2345678-90ab-cdef-0123-456789abcdef. Status: 200. Duration: 5108 ms","service":"booking-api"}
{"level":"info","message":"Timestamp: 20-11-2023, 19:53:12 Method: GET /bookings/e2345678-90ab-cdef-0123-456789abcdef. Status: 200. Duration: 1424 ms","service":"booking-api"}
{"level":"info","message":"Timestamp: 20-11-2023, 19:53:33 Method: PUT /bookings/e2345678-90ab-cdef-0123-456789abcdef. Status: 500. Duration: 3 ms","service":"booking-api"}
{"level":"info","message":"Timestamp: 20-11-2023, 19:58:01 Method: PUT /bookings/e2345678-90ab-cdef-0123-456789abcdef. Status: 500. Duration: 325 ms","service":"booking-api"}
{"level":"info","message":"Timestamp: 20-11-2023, 19:59:18 Method: PUT /bookings/e2345678-90ab-cdef-0123-456789abcdef. Status: 500. Duration: 159 ms","service":"booking-api"}
{"level":"info","message":"Timestamp: 20-11-2023, 19:59:42 Method: PUT /bookings/e2345678-90ab-cdef-0123-456789abcdef. Status: 500. Duration: 55 ms","service":"booking-api"}
{"level":"info","message":"Timestamp: 20-11-2023, 20:04:26 Method: PUT /bookings/e2345678-90ab-cdef-0123-456789abcdef. Status: 500. Duration: 1198 ms","service":"booking-api"}
{"level":"info","message":"Timestamp: 20-11-2023, 20:04:34 Method: PUT /bookings/e2345678-90ab-cdef-0123-456789abcdef. Status: 500. Duration: 55 ms","service":"booking-api"}
{"level":"info","message":"Timestamp: 21-11-2023, 19:34:05 Method: POST /bookings. Status: 201. Duration: 13 ms","service":"booking-api"}
{"level":"info","message":"Timestamp: 21-11-2023, 19:37:54 Method: POST /bookings. Status: 201. Duration: 7 ms","service":"booking-api"}
{"level":"info","message":"Timestamp: 21-11-2023, 19:40:14 Method: PUT /bookings/e2345678-90ab-cdef-0123-456789abcdef. Status: 500. Duration: 634 ms","service":"booking-api"}
{"level":"info","message":"Timestamp: 21-11-2023, 19:56:10 Method: PUT /bookings/e2345678-90ab-cdef-0123-456789abcdef. Status: 500. Duration: 1554 ms","service":"booking-api"}
{"level":"info","message":"Timestamp: 21-11-2023, 19:57:29 Method: PUT /bookings/e2345678-90ab-cdef-0123-456789abcdef. Status: 200. Duration: 2998 ms","service":"booking-api"}
{"level":"info","message":"Timestamp: 21-11-2023, 20:03:45 Method: DELETE /bookings/f0123456-78ab-cdef-0123-456789abcdef. Status: 200. Duration: 8 ms","service":"booking-api"}
{"level":"info","message":"Timestamp: 21-11-2023, 20:05:39 Method: DELETE /bookings/e2345678-90ab-cdef-0123-456789abcdef. Status: 200. Duration: 57 ms","service":"booking-api"}
{"level":"info","message":"Timestamp: 21-11-2023, 20:11:04 Method: POST /login. Status: 200. Duration: 2513 ms","service":"booking-api"}
{"level":"info","message":"Timestamp: 21-11-2023, 20:30:03 Method: POST /bookings. Status: 401. Duration: 3 ms","service":"booking-api"}
{"level":"info","message":"Timestamp: 21-11-2023, 20:30:52 Method: POST /bookings. Status: 201. Duration: 6 ms","service":"booking-api"}
{"level":"info","message":"Timestamp: 21-11-2023, 20:32:14 Method: POST /bookings. Status: 201. Duration: 3 ms","service":"booking-api"}
{"level":"info","message":"Timestamp: 23-11-2023, 20:08:16 Method: GET /bookings?userId=a1234567-89ab-cdef-0123-456789abcdef. Status: 200. Duration: 4492 ms","service":"booking-api"}
{"level":"info","message":"Timestamp: 23-11-2023, 20:10:17 Method: GET /bookings?userId=a1234567-89ab-cdef-0123-456789abcdef. Status: 200. Duration: 204 ms","service":"booking-api"}
{"level":"info","message":"Timestamp: 23-11-2023, 20:12:45 Method: GET /books?genre=Fantasy&available=true. Status: 400. Duration: 4 ms","service":"booking-api"}
{"level":"info","message":"Timestamp: 23-11-2023, 20:13:37 Method: GET /bookings?userId=a1234567-89ab-cdef-0123-456789abcdef&bookingStatus=pending. Status: 200. Duration: 1338 ms","service":"booking-api"}
{"level":"info","message":"Timestamp: 23-11-2023, 20:13:50 Method: GET /bookings?userId=a1234567-89ab-cdef-0123-456789abcdef. Status: 200. Duration: 93 ms","service":"booking-api"}
{"level":"info","message":"Timestamp: 23-11-2023, 20:14:14 Method: GET /bookings?userId=b2345678-90cd-ef01-2345-6789abcdef01. Status: 200. Duration: 30 ms","service":"booking-api"}
{"level":"info","message":"Timestamp: 23-11-2023, 20:17:12 Method: GET /bookings?bookingStatus=pending. Status: 200. Duration: 423 ms","service":"booking-api"}
{"level":"info","message":"Timestamp: 23-11-2023, 20:17:35 Method: GET /bookings?bookingStatus=confirmed. Status: 200. Duration: 10 ms","service":"booking-api"}
{"level":"info","message":"Timestamp: 23-11-2023, 20:17:51 Method: GET /bookings?bookingStatus=cancelled. Status: 200. Duration: 26 ms","service":"booking-api"}
{"level":"info","message":"Timestamp: 23-11-2023, 20:21:02 Method: GET /bookings?bookingStatus=cancelled. Status: 200. Duration: 40 ms","service":"booking-api"}
{"level":"info","message":"Timestamp: 23-11-2023, 20:51:28 Method: GET /bookings?checkinDate=2023-07-20. Status: 200. Duration: 2353 ms","service":"booking-api"}
{"level":"info","message":"Timestamp: 23-11-2023, 20:55:16 Method: GET /bookings?checkinDate=2023-07-20T13:00:00.000Z. Status: 200. Duration: 979 ms","service":"booking-api"}
{"level":"info","message":"Timestamp: 23-11-2023, 20:58:33 Method: GET /bookings?checkinDate=2023-07-20. Status: 200. Duration: 137 ms","service":"booking-api"}
{"level":"info","message":"Timestamp: 23-11-2023, 20:59:48 Method: GET /bookings?checkinDate=2023-07-20. Status: 200. Duration: 1237 ms","service":"booking-api"}
{"level":"info","message":"Timestamp: 24-11-2023, 21:37:52 Method: GET /bookings?checkinDate=2023-07-20. Status: 200. Duration: 1317 ms","service":"booking-api"}
{"level":"info","message":"Timestamp: 25-11-2023, 12:39:50 Method: GET /bookings?checkinDate=2023-07-20. Status: 200. Duration: 3890 ms","service":"booking-api"}
{"level":"info","message":"Timestamp: 25-11-2023, 12:40:15 Method: GET /bookings?checkinDate=2023-07-20. Status: 200. Duration: 18 ms","service":"booking-api"}
{"level":"info","message":"Timestamp: 25-11-2023, 12:40:38 Method: GET /bookings?checkinDate=2023-07-20. Status: 200. Duration: 17 ms","service":"booking-api"}
{"level":"info","message":"Timestamp: 25-11-2023, 12:41:16 Method: GET /bookings?checkinDate=2023-07-20. Status: 200. Duration: 51 ms","service":"booking-api"}
{"level":"info","message":"Timestamp: 25-11-2023, 12:44:12 Method: GET /bookings?checkinDate=2023-07-20. Status: 200. Duration: 529 ms","service":"booking-api"}
{"level":"info","message":"Timestamp: 25-11-2023, 12:52:34 Method: GET /bookings?checkinDate=2023-07-20. Status: 200. Duration: 3313 ms","service":"booking-api"}
{"level":"info","message":"Timestamp: 25-11-2023, 13:02:40 Method: GET /bookings?checkinDate=2023-07-20. Status: 200. Duration: 2731 ms","service":"booking-api"}
{"level":"info","message":"Timestamp: 25-11-2023, 13:09:05 Method: GET /bookings?checkinDate=2023-07-20. Status: 200. Duration: 376 ms","service":"booking-api"}
{"level":"info","message":"Timestamp: 25-11-2023, 13:11:21 Method: GET /bookings?checkinDate=2023-07-. Status: 200. Duration: 734 ms","service":"booking-api"}
{"level":"info","message":"Timestamp: 25-11-2023, 13:12:35 Method: GET /bookings?checkinDate=2023-07-. Status: 200. Duration: 195 ms","service":"booking-api"}
{"level":"info","message":"Timestamp: 25-11-2023, 13:12:48 Method: GET /bookings?checkinDate=2023-07-21. Status: 200. Duration: 50 ms","service":"booking-api"}
{"level":"info","message":"Timestamp: 25-11-2023, 21:13:32 Method: GET /bookings?checkinDate=2023-07-. Status: 200. Duration: 5 ms","service":"booking-api"}
{"level":"info","message":"Timestamp: 25-11-2023, 21:29:01 Method: GET /bookings?checkinDate=2023-07-20. Status: 200. Duration: 5 ms","service":"booking-api"}
{"level":"info","message":"Timestamp: 25-11-2023, 21:31:58 Method: GET /bookings?checkinDate=2023-07-20. Status: 200. Duration: 4 ms","service":"booking-api"}
{"level":"info","message":"Timestamp: 25-11-2023, 21:35:05 Method: GET /bookings?checkinDate=2023-07-20. Status: 200. Duration: 4 ms","service":"booking-api"}
{"level":"info","message":"Timestamp: 25-11-2023, 21:35:33 Method: GET /bookings?checkinDate=2023-07-20. Status: 200. Duration: 4 ms","service":"booking-api"}
{"level":"info","message":"Timestamp: 25-11-2023, 21:43:39 Method: GET /bookings?checkinDate=2023-07-20. Status: 200. Duration: 939 ms","service":"booking-api"}
{"level":"info","message":"Timestamp: 25-11-2023, 21:43:51 Method: GET /bookings. Status: 200. Duration: 99 ms","service":"booking-api"}
{"level":"info","message":"Timestamp: 25-11-2023, 21:44:01 Method: GET /bookings?checkinDateWithoutTime=2023-07-20. Status: 200. Duration: 111 ms","service":"booking-api"}
{"level":"info","message":"Timestamp: 25-11-2023, 22:01:29 Method: GET /bookings/a1234567-89ab-cdef-0123-456789abcdef. Status: 500. Duration: 101 ms","service":"booking-api"}
{"level":"info","message":"Timestamp: 27-11-2023, 19:21:41 Method: GET /users. Status: 200. Duration: 5164 ms","service":"booking-api"}
{"level":"info","message":"Timestamp: 27-11-2023, 19:23:00 Method: GET /users/a1234567-89ab-cdef-0123-456789abcdef. Status: 500. Duration: 8 ms","service":"booking-api"}
{"level":"info","message":"Timestamp: 27-11-2023, 19:23:46 Method: GET /users/a1234567-89ab-cdef-0123-456789abcdef. Status: 500. Duration: 8 ms","service":"booking-api"}
{"level":"info","message":"Timestamp: 27-11-2023, 19:24:04 Method: GET /users/a1234567-89ab-cdef-0123-456789abcdef. Status: 500. Duration: 7 ms","service":"booking-api"}
{"level":"info","message":"Timestamp: 27-11-2023, 19:24:30 Method: GET /users/a1234567-89ab-cdef-0123-456789abcdef. Status: 200. Duration: 721 ms","service":"booking-api"}
{"level":"info","message":"Timestamp: 27-11-2023, 19:35:51 Method: PUT /users/a1234567-89ab-cdef-0123-456789abcdef. Status: 500. Duration: 10 ms","service":"booking-api"}
{"level":"info","message":"Timestamp: 27-11-2023, 19:36:21 Method: PUT /users/a1234567-89ab-cdef-0123-456789abcdef. Status: 200. Duration: 1469 ms","service":"booking-api"}
{"level":"info","message":"Timestamp: 27-11-2023, 19:36:39 Method: GET /users/a1234567-89ab-cdef-0123-456789abcdef. Status: 200. Duration: 55 ms","service":"booking-api"}
{"level":"info","message":"Timestamp: 27-11-2023, 19:42:16 Method: PUT /users/a1234567-89ab-cdef-0123-456789abcdef. Status: 200. Duration: 9290 ms","service":"booking-api"}
{"level":"info","message":"Timestamp: 27-11-2023, 19:42:44 Method: POST /users. Status: 500. Duration: 4 ms","service":"booking-api"}
{"level":"info","message":"Timestamp: 27-11-2023, 19:43:02 Method: POST /users. Status: 201. Duration: 8 ms","service":"booking-api"}
{"level":"info","message":"Timestamp: 27-11-2023, 19:46:33 Method: GET /users. Status: 200. Duration: 2844 ms","service":"booking-api"}
{"level":"info","message":"Timestamp: 27-11-2023, 19:48:37 Method: POST /users. Status: 201. Duration: 9 ms","service":"booking-api"}
{"level":"info","message":"Timestamp: 27-11-2023, 19:49:11 Method: POST /users. Status: 201. Duration: 9 ms","service":"booking-api"}
{"level":"info","message":"Timestamp: 27-11-2023, 19:50:48 Method: GET /users. Status: 200. Duration: 26 ms","service":"booking-api"}
{"level":"info","message":"Timestamp: 27-11-2023, 19:56:04 Method: DELETE /users/ce1054e4-e9ee-440f-ab6c-851e26593fbe. Status: 200. Duration: 9 ms","service":"booking-api"}
{"level":"info","message":"Timestamp: 27-11-2023, 19:57:43 Method: POST /users. Status: 201. Duration: 10 ms","service":"booking-api"}
{"level":"info","message":"Timestamp: 27-11-2023, 19:57:49 Method: GET /users. Status: 200. Duration: 25 ms","service":"booking-api"}
{"level":"info","message":"Timestamp: 27-11-2023, 19:58:09 Method: DELETE /users/4db471b0-2bfc-404b-97fb-4f9bf68425a2. Status: 200. Duration: 2 ms","service":"booking-api"}
{"level":"info","message":"Timestamp: 27-11-2023, 19:59:22 Method: DELETE /users/4db471b0-2bfc-404b-97fb-4f9bf68425a2. Status: 200. Duration: 1 ms","service":"booking-api"}
{"level":"info","message":"Timestamp: 27-11-2023, 19:59:59 Method: DELETE /users/4db471b0-2bfc-404b-97fb-4f9bf68425a2. Status: 200. Duration: 6 ms","service":"booking-api"}
{"level":"info","message":"Timestamp: 27-11-2023, 20:00:46 Method: DELETE /users/4db471b0-2bfc-404b-97fb-4f9bf68425a2. Status: 200. Duration: 10 ms","service":"booking-api"}
{"level":"info","message":"Timestamp: 27-11-2023, 20:01:17 Method: GET /users. Status: 200. Duration: 58 ms","service":"booking-api"}
{"level":"info","message":"Timestamp: 27-11-2023, 20:01:44 Method: DELETE /users/4db471b0-2bfc-404b-97fb-4f9bf68425a2. Status: 200. Duration: 4 ms","service":"booking-api"}
{"level":"info","message":"Timestamp: 27-11-2023, 20:03:38 Method: DELETE /users/4db471b0-2bfc-404b-97fb-4f9bf68425a2. Status: 200. Duration: 6 ms","service":"booking-api"}
{"level":"info","message":"Timestamp: 27-11-2023, 20:05:28 Method: DELETE /users/a1234567-89ab-cdef-0123-456789abcdef. Status: 200. Duration: 3 ms","service":"booking-api"}
{"level":"info","message":"Timestamp: 29-11-2023, 12:23:34 Method: GET /host. Status: 200. Duration: 3787 ms","service":"booking-api"}
{"level":"info","message":"Timestamp: 29-11-2023, 12:28:19 Method: GET /host/b5678901-23ef-0123-4567-89abcdef0123. Status: 200. Duration: 41 ms","service":"booking-api"}
{"level":"info","message":"Timestamp: 29-11-2023, 12:37:54 Method: POST /users. Status: 201. Duration: 10 ms","service":"booking-api"}
{"level":"info","message":"Timestamp: 29-11-2023, 12:41:57 Method: POST /host. Status: 201. Duration: 5 ms","service":"booking-api"}
{"level":"info","message":"Timestamp: 29-11-2023, 12:52:03 Method: PUT /host. Status: 404. Duration: 4 ms","service":"booking-api"}
{"level":"info","message":"Timestamp: 29-11-2023, 12:52:42 Method: PUT /host/9f8132c9-7591-4913-85bb-98dd141187bd. Status: 200. Duration: 178 ms","service":"booking-api"}
{"level":"info","message":"Timestamp: 29-11-2023, 13:02:48 Method: DELETE /host/9f8132c9-7591-4913-85bb-98dd141187bd. Status: 200. Duration: 13 ms","service":"booking-api"}
{"level":"info","message":"Timestamp: 30-11-2023, 11:30:36 Method: POST /host. Status: 201. Duration: 10 ms","service":"booking-api"}
{"level":"info","message":"Timestamp: 30-11-2023, 11:41:49 Method: POST /host. Status: 201. Duration: 9 ms","service":"booking-api"}
{"level":"info","message":"Timestamp: 30-11-2023, 11:50:03 Method: POST /host. Status: 500. Duration: 2999 ms","service":"booking-api"}
{"level":"info","message":"Timestamp: 30-11-2023, 11:50:03 Method: POST /host. Status: 201. Duration: 3017 ms","service":"booking-api"}
{"level":"info","message":"Timestamp: 30-11-2023, 11:51:00 Method: POST /host. Status: 500. Duration: 57 ms","service":"booking-api"}
{"level":"info","message":"Timestamp: 30-11-2023, 11:51:00 Method: POST /host. Status: 201. Duration: 57 ms","service":"booking-api"}
{"level":"info","message":"Timestamp: 30-11-2023, 11:51:28 Method: POST /host. Status: 500. Duration: 649 ms","service":"booking-api"}
{"level":"info","message":"Timestamp: 30-11-2023, 11:51:28 Method: POST /host. Status: 201. Duration: 665 ms","service":"booking-api"}
{"level":"info","message":"Timestamp: 30-11-2023, 11:51:50 Method: POST /host. Status: 200. Duration: 1419 ms","service":"booking-api"}
{"level":"info","message":"Timestamp: 30-11-2023, 11:51:50 Method: POST /host. Status: 201. Duration: 1433 ms","service":"booking-api"}
{"level":"info","message":"Timestamp: 30-11-2023, 12:14:45 Method: POST /host. Status: 200. Duration: 4096 ms","service":"booking-api"}
{"level":"info","message":"Timestamp: 30-11-2023, 12:14:45 Method: POST /host. Status: 201. Duration: 4111 ms","service":"booking-api"}
{"level":"info","message":"Timestamp: 3-12-2023, 14:43:38 Method: GET /property. Status: 404. Duration: 6 ms","service":"booking-api"}
{"level":"info","message":"Timestamp: 3-12-2023, 14:44:10 Method: GET /property. Status: 404. Duration: 1 ms","service":"booking-api"}
{"level":"info","message":"Timestamp: 3-12-2023, 14:45:37 Method: GET /property. Status: 500. Duration: 1111 ms","service":"booking-api"}
{"level":"info","message":"Timestamp: 3-12-2023, 14:50:26 Method: GET /property. Status: 500. Duration: 17 ms","service":"booking-api"}
{"level":"info","message":"Timestamp: 3-12-2023, 15:50:40 Method: GET /property. Status: 200. Duration: 49 ms","service":"booking-api"}
{"level":"info","message":"Timestamp: 3-12-2023, 15:51:55 Method: GET /property/g9012345-67ef-0123-4567-89abcdef0123. Status: 200. Duration: 11 ms","service":"booking-api"}
{"level":"info","message":"Timestamp: 3-12-2023, 15:58:04 Method: POST /property. Status: 200. Duration: 166 ms","service":"booking-api"}
{"level":"info","message":"Timestamp: 3-12-2023, 15:58:04 Method: POST /property. Status: 201. Duration: 167 ms","service":"booking-api"}
{"level":"info","message":"Timestamp: 3-12-2023, 16:00:13 Method: PUT /property/3b370daf-9b07-43cb-bca3-145b247afbe2. Status: 200. Duration: 87 ms","service":"booking-api"}
{"level":"info","message":"Timestamp: 3-12-2023, 16:02:12 Method: DELETE /property/3b370daf-9b07-43cb-bca3-145b247afbe2. Status: 200. Duration: 3 ms","service":"booking-api"}
{"level":"info","message":"Timestamp: 3-12-2023, 16:09:24 Method: GET /users?user=piet. Status: 200. Duration: 22 ms","service":"booking-api"}
{"level":"info","message":"Timestamp: 3-12-2023, 16:09:45 Method: GET /users?name=piet. Status: 200. Duration: 11 ms","service":"booking-api"}
{"level":"info","message":"Timestamp: 3-12-2023, 16:10:23 Method: GET /users?email=iemand@domain.nl. Status: 200. Duration: 8 ms","service":"booking-api"}
{"level":"info","message":"Timestamp: 4-12-2023, 20:05:28 Method: GET /review. Status: 200. Duration: 3219 ms","service":"booking-api"}
{"level":"info","message":"Timestamp: 4-12-2023, 20:06:18 Method: GET /review/g7890123-45cd-ef01-2345-6789abcdef01. Status: 200. Duration: 242 ms","service":"booking-api"}
{"level":"info","message":"Timestamp: 4-12-2023, 20:07:44 Method: POST /review. Status: 201. Duration: 242 ms","service":"booking-api"}
{"level":"info","message":"Timestamp: 4-12-2023, 20:09:26 Method: POST /review. Status: 201. Duration: 408 ms","service":"booking-api"}
{"level":"info","message":"Timestamp: 4-12-2023, 20:12:16 Method: POST /review. Status: 201. Duration: 9 ms","service":"booking-api"}
{"level":"info","message":"Timestamp: 4-12-2023, 20:12:49 Method: POST /review. Status: 201. Duration: 4 ms","service":"booking-api"}
{"level":"info","message":"Timestamp: 4-12-2023, 20:13:10 Method: POST /review. Status: 201. Duration: 3 ms","service":"booking-api"}
{"level":"info","message":"Timestamp: 4-12-2023, 20:13:31 Method: POST /review. Status: 201. Duration: 3176 ms","service":"booking-api"}
{"level":"info","message":"Timestamp: 4-12-2023, 20:15:07 Method: PUT /review/65975f95-3302-4e8a-97d0-7a75f0bead35. Status: 200. Duration: 1107 ms","service":"booking-api"}
{"level":"info","message":"Timestamp: 4-12-2023, 20:15:12 Method: GET /review. Status: 200. Duration: 616 ms","service":"booking-api"}
{"level":"info","message":"Timestamp: 4-12-2023, 20:16:03 Method: DELETE /review/f454974e-5b5c-43ba-9f32-a6f5f27d7033. Status: 200. Duration: 5 ms","service":"booking-api"}
{"level":"info","message":"Timestamp: 4-12-2023, 20:16:12 Method: GET /review. Status: 200. Duration: 29 ms","service":"booking-api"}
{"level":"info","message":"Timestamp: 4-12-2023, 20:43:04 Method: GET /amenity. Status: 200. Duration: 4139 ms","service":"booking-api"}
{"level":"info","message":"Timestamp: 4-12-2023, 20:43:44 Method: GET /amenity/l4567890-12gh-ijkl-1234-56789abcdef0. Status: 200. Duration: 119 ms","service":"booking-api"}
{"level":"info","message":"Timestamp: 4-12-2023, 20:46:26 Method: POST /amenity. Status: 201. Duration: 3155 ms","service":"booking-api"}
{"level":"info","message":"Timestamp: 4-12-2023, 20:47:52 Method: PUT /amenity/bf0d8378-4af7-490c-a8ab-78e39684a6bc. Status: 200. Duration: 3013 ms","service":"booking-api"}
{"level":"info","message":"Timestamp: 4-12-2023, 20:48:04 Method: GET /amenity. Status: 200. Duration: 261 ms","service":"booking-api"}
{"level":"info","message":"Timestamp: 4-12-2023, 20:48:32 Method: DELETE /amenity/bf0d8378-4af7-490c-a8ab-78e39684a6bc. Status: 200. Duration: 3 ms","service":"booking-api"}
{"level":"info","message":"Timestamp: 4-12-2023, 20:48:37 Method: GET /amenity. Status: 200. Duration: 18 ms","service":"booking-api"}
{"level":"info","message":"Timestamp: 4-12-2023, 21:09:31 Method: GET /users. Status: 200. Duration: 2147 ms","service":"booking-api"}
{"level":"info","message":"Timestamp: 4-12-2023, 21:12:37 Method: GET /users. Status: 200. Duration: 1763 ms","service":"booking-api"}
{"level":"info","message":"Timestamp: 4-12-2023, 21:13:16 Method: GET /host. Status: 200. Duration: 307 ms","service":"booking-api"}
{"level":"info","message":"Timestamp: 4-12-2023, 21:14:44 Method: GET /host. Status: 200. Duration: 34 ms","service":"booking-api"}
{"level":"info","message":"Timestamp: 5-12-2023, 19:39:19 Method: GET /bookings?userid=a1234567-89ab-cdef-0123-456789abcdef. Status: 200. Duration: 2611 ms","service":"booking-api"}
{"level":"info","message":"Timestamp: 5-12-2023, 19:50:26 Method: GET /bookings?userid=a1234567-89ab-cdef-0123-456789abcdef. Status: 200. Duration: 2744 ms","service":"booking-api"}
{"level":"info","message":"Timestamp: 5-12-2023, 19:51:51 Method: GET /bookings?bookingStatus=cancelled. Status: 200. Duration: 271 ms","service":"booking-api"}
{"level":"info","message":"Timestamp: 5-12-2023, 19:51:59 Method: GET /bookings?userId=b2345678-90cd-ef01-2345-6789abcdef01. Status: 200. Duration: 195 ms","service":"booking-api"}
{"level":"info","message":"Timestamp: 5-12-2023, 19:52:14 Method: GET /bookings?checkinDate=2023-07-20. Status: 200. Duration: 700 ms","service":"booking-api"}
{"level":"info","message":"Timestamp: 5-12-2023, 20:01:46 Method: GET /users?email=iemand@domain.nl. Status: 200. Duration: 2292 ms","service":"booking-api"}
{"level":"info","message":"Timestamp: 5-12-2023, 20:16:39 Method: GET /users?email=iemand@domain.nl. Status: 200. Duration: 992 ms","service":"booking-api"}
{"level":"info","message":"Timestamp: 5-12-2023, 20:17:12 Method: GET /users?email=iemand@domain.nl. Status: 200. Duration: 46 ms","service":"booking-api"}
{"level":"info","message":"Timestamp: 5-12-2023, 20:23:37 Method: GET /users?email=iemand@domain.nl. Status: 200. Duration: 261 ms","service":"booking-api"}
{"level":"info","message":"Timestamp: 5-12-2023, 20:26:25 Method: GET /users?email=iemand@domain.nl. Status: 200. Duration: 1207 ms","service":"booking-api"}
{"level":"info","message":"Timestamp: 5-12-2023, 20:26:43 Method: GET /users?username=benJanssen. Status: 200. Duration: 57 ms","service":"booking-api"}
{"level":"info","message":"Timestamp: 5-12-2023, 20:33:56 Method: GET /host?name=linda+pollen. Status: 200. Duration: 3896 ms","service":"booking-api"}
{"level":"info","message":"Timestamp: 5-12-2023, 20:34:57 Method: GET /host?name=linda%20pollen. Status: 200. Duration: 53 ms","service":"booking-api"}
{"level":"info","message":"Timestamp: 5-12-2023, 20:35:24 Method: GET /host?name=Linda+Pollen. Status: 200. Duration: 348 ms","service":"booking-api"}
{"level":"info","message":"Timestamp: 5-12-2023, 20:35:51 Method: GET /host?name=Linda%20Pollen. Status: 200. Duration: 347 ms","service":"booking-api"}
{"level":"info","message":"Timestamp: 5-12-2023, 20:38:52 Method: GET /host?name=Linda%20Pollen. Status: 200. Duration: 192 ms","service":"booking-api"}
{"level":"info","message":"Timestamp: 5-12-2023, 20:39:30 Method: GET /host?name=Linda+Pollen. Status: 200. Duration: 17 ms","service":"booking-api"}
{"level":"info","message":"Timestamp: 5-12-2023, 20:41:05 Method: GET /host?name=Linda%20Pollen. Status: 200. Duration: 2063 ms","service":"booking-api"}
{"level":"info","message":"Timestamp: 5-12-2023, 20:44:02 Method: GET /host?name=Linda%20Pollen. Status: 200. Duration: 1033 ms","service":"booking-api"}
{"level":"info","message":"Timestamp: 5-12-2023, 20:44:51 Method: GET /host?name=John%20Doe. Status: 200. Duration: 55 ms","service":"booking-api"}
{"level":"info","message":"Timestamp: 5-12-2023, 20:51:18 Method: GET /users?username=benJans. Status: 200. Duration: 4995 ms","service":"booking-api"}
{"level":"info","message":"Timestamp: 5-12-2023, 20:55:50 Method: GET /users?username=benJans. Status: 200. Duration: 711 ms","service":"booking-api"}
{"level":"info","message":"Timestamp: 7-12-2023, 19:33:18 Method: GET /users. Status: 200. Duration: 4672 ms","service":"booking-api"}
{"level":"info","message":"Timestamp: 7-12-2023, 19:36:52 Method: GET /users/a1234567-89ab-cdef-0123-456789abcdef. Status: 200. Duration: 353 ms","service":"booking-api"}
{"level":"info","message":"Timestamp: 7-12-2023, 19:37:06 Method: GET /users/a1234567-89ab-cdef-0123-456789abcde2. Status: 500. Duration: 279 ms","service":"booking-api"}
{"level":"info","message":"Timestamp: 7-12-2023, 19:39:11 Method: GET /users/a1234567-89ab-cdef-0123-456789abcde2. Status: 500. Duration: 41 ms","service":"booking-api"}
{"level":"info","message":"Timestamp: 7-12-2023, 19:39:19 Method: GET /users/a1234567-89ab-cdef-0123-456789abcdef. Status: 200. Duration: 85 ms","service":"booking-api"}
{"level":"info","message":"Timestamp: 7-12-2023, 19:40:15 Method: GET /users/a1234567-89ab-cdef-0123-456789abcde2. Status: 500. Duration: 20 ms","service":"booking-api"}
{"level":"info","message":"Timestamp: 7-12-2023, 19:53:00 Method: GET /users/a1234567-89ab-cdef-0123-456789abcde2. Status: 500. Duration: 2558 ms","service":"booking-api"}
{"level":"info","message":"Timestamp: 7-12-2023, 19:55:02 Method: GET /users/a1234567-89ab-cdef-0123-456789abcde2. Status: 500. Duration: 36 ms","service":"booking-api"}
{"level":"info","message":"Timestamp: 7-12-2023, 20:13:41 Method: GET /users/a1234567-89ab-cdef-0123-456789abcdef. Status: 500. Duration: 2138 ms","service":"booking-api"}
{"level":"info","message":"Timestamp: 7-12-2023, 20:21:16 Method: GET /users/a1234567-89ab-cdef-0123-456789abcdef. Status: 500. Duration: 631 ms","service":"booking-api"}
{"level":"info","message":"Timestamp: 7-12-2023, 20:23:26 Method: GET /users/a1234567-89ab-cdef-0123-456789abcdef. Status: 500. Duration: 660 ms","service":"booking-api"}
{"level":"info","message":"Timestamp: 7-12-2023, 20:24:05 Method: GET /users/a1234567-89ab-cdef-0123-456789abcdef. Status: 500. Duration: 24 ms","service":"booking-api"}
{"level":"info","message":"Timestamp: 7-12-2023, 20:25:05 Method: GET /users/a1234567-89ab-cdef-0123-456789abcdef/booking. Status: 404. Duration: 1 ms","service":"booking-api"}
{"level":"info","message":"Timestamp: 7-12-2023, 20:25:57 Method: GET /users/a1234567-89ab-cdef-0123-456789abcdef/booking/review. Status: 404. Duration: 5 ms","service":"booking-api"}
{"level":"info","message":"Timestamp: 7-12-2023, 20:26:04 Method: GET /users/a1234567-89ab-cdef-0123-456789abcdef/review. Status: 404. Duration: 1 ms","service":"booking-api"}
{"level":"info","message":"Timestamp: 7-12-2023, 20:39:23 Method: GET /users/a1234567-89ab-cdef-0123-456789abcdef/review. Status: 404. Duration: 6 ms","service":"booking-api"}
{"level":"info","message":"Timestamp: 7-12-2023, 20:39:44 Method: GET /users/a1234567-89ab-cdef-0123-456789abcdef/review. Status: 404. Duration: 4 ms","service":"booking-api"}
{"level":"info","message":"Timestamp: 7-12-2023, 20:40:10 Method: GET /users/a1234567-89ab-cdef-0123-456789abcdef/booking. Status: 500. Duration: 2170 ms","service":"booking-api"}
{"level":"info","message":"Timestamp: 7-12-2023, 20:45:31 Method: GET /users/a1234567-89ab-cdef-0123-456789abcdef/booking. Status: 500. Duration: 520 ms","service":"booking-api"}
{"level":"info","message":"Timestamp: 7-12-2023, 20:52:27 Method: GET /users/a1234567-89ab-cdef-0123-456789abcdef/booking. Status: 200. Duration: 3620 ms","service":"booking-api"}
{"level":"info","message":"Timestamp: 7-12-2023, 20:57:17 Method: GET /users/a1234567-89ab-cdef-0123-456789abcdef/review. Status: 500. Duration: 1951 ms","service":"booking-api"}
{"level":"info","message":"Timestamp: 7-12-2023, 20:57:39 Method: GET /users/a1234567-89ab-cdef-0123-456789abcdef/review. Status: 500. Duration: 23 ms","service":"booking-api"}
{"level":"info","message":"Timestamp: 7-12-2023, 20:58:40 Method: GET /users/a1234567-89ab-cdef-0123-456789abcdef/review. Status: 200. Duration: 123 ms","service":"booking-api"}
{"level":"info","message":"Timestamp: 8-12-2023, 19:52:44 Method: POST /amenity. Status: 201. Duration: 4696 ms","service":"booking-api"}
{"level":"info","message":"Timestamp: 8-12-2023, 19:55:17 Method: DELETE /amenity/d3e1ecd6-d843-41c8-87f2-65057f25ffb3. Status: 200. Duration: 704 ms","service":"booking-api"}
{"level":"info","message":"Timestamp: 8-12-2023, 20:09:47 Method: GET /property/g9012345-67ef-0123-4567-89abcdef0123. Status: 200. Duration: 4957 ms","service":"booking-api"}
{"level":"info","message":"Timestamp: 8-12-2023, 20:57:36 Method: POST /login. Status: 400. Duration: 4 ms","service":"booking-api"}
{"level":"info","message":"Timestamp: 8-12-2023, 20:57:36 Method: GET /users/e5678901-23f0-1234-5678-9abcdef01234. Status: 400. Duration: 0 ms","service":"booking-api"}
{"level":"info","message":"Timestamp: 8-12-2023, 20:57:36 Method: POST /login. Status: 400. Duration: 1 ms","service":"booking-api"}
{"level":"info","message":"Timestamp: 8-12-2023, 20:57:36 Method: PUT /users/e5678901-23f0-1234-5678-9abcdef01234. Status: 400. Duration: 0 ms","service":"booking-api"}
{"level":"info","message":"Timestamp: 8-12-2023, 20:57:36 Method: POST /login. Status: 400. Duration: 0 ms","service":"booking-api"}
{"level":"info","message":"Timestamp: 8-12-2023, 20:57:36 Method: DELETE /users/e5678901-23f0-1234-5678-9abcdef01234. Status: 400. Duration: 0 ms","service":"booking-api"}
{"level":"info","message":"Timestamp: 8-12-2023, 20:57:36 Method: POST /login. Status: 400. Duration: 0 ms","service":"booking-api"}
{"level":"info","message":"Timestamp: 8-12-2023, 20:57:36 Method: GET /users. Status: 400. Duration: 1 ms","service":"booking-api"}
{"level":"info","message":"Timestamp: 8-12-2023, 20:57:37 Method: POST /login. Status: 400. Duration: 1 ms","service":"booking-api"}
{"level":"info","message":"Timestamp: 8-12-2023, 20:57:37 Method: POST /users. Status: 400. Duration: 0 ms","service":"booking-api"}
{"level":"info","message":"Timestamp: 8-12-2023, 20:57:37 Method: POST /login. Status: 400. Duration: 1 ms","service":"booking-api"}
{"level":"info","message":"Timestamp: 8-12-2023, 20:57:37 Method: GET /hosts/e2345678-90bc-def0-0123-456789abcdef. Status: 400. Duration: 1 ms","service":"booking-api"}
{"level":"info","message":"Timestamp: 8-12-2023, 20:57:37 Method: POST /login. Status: 400. Duration: 0 ms","service":"booking-api"}
{"level":"info","message":"Timestamp: 8-12-2023, 20:57:37 Method: PUT /hosts/e2345678-90bc-def0-0123-456789abcdef. Status: 400. Duration: 0 ms","service":"booking-api"}
{"level":"info","message":"Timestamp: 8-12-2023, 20:57:37 Method: POST /login. Status: 400. Duration: 1 ms","service":"booking-api"}
{"level":"info","message":"Timestamp: 8-12-2023, 20:57:37 Method: DELETE /hosts/e2345678-90bc-def0-0123-456789abcdef. Status: 400. Duration: 0 ms","service":"booking-api"}
{"level":"info","message":"Timestamp: 8-12-2023, 20:57:37 Method: POST /login. Status: 400. Duration: 0 ms","service":"booking-api"}
{"level":"info","message":"Timestamp: 8-12-2023, 20:57:37 Method: GET /hosts. Status: 400. Duration: 0 ms","service":"booking-api"}
{"level":"info","message":"Timestamp: 8-12-2023, 20:57:37 Method: POST /login. Status: 400. Duration: 1 ms","service":"booking-api"}
{"level":"info","message":"Timestamp: 8-12-2023, 20:57:37 Method: POST /hosts. Status: 400. Duration: 1 ms","service":"booking-api"}
{"level":"info","message":"Timestamp: 8-12-2023, 20:57:37 Method: POST /login. Status: 400. Duration: 1 ms","service":"booking-api"}
{"level":"info","message":"Timestamp: 8-12-2023, 20:57:37 Method: GET /properties/i1234567-89f0-1234-5678-9abcdef01234. Status: 400. Duration: 1 ms","service":"booking-api"}
{"level":"info","message":"Timestamp: 8-12-2023, 20:57:37 Method: POST /login. Status: 400. Duration: 0 ms","service":"booking-api"}
{"level":"info","message":"Timestamp: 8-12-2023, 20:57:37 Method: PUT /properties/i1234567-89f0-1234-5678-9abcdef01234. Status: 400. Duration: 0 ms","service":"booking-api"}
{"level":"info","message":"Timestamp: 8-12-2023, 20:57:37 Method: POST /login. Status: 400. Duration: 1 ms","service":"booking-api"}
{"level":"info","message":"Timestamp: 8-12-2023, 20:57:37 Method: DELETE /properties/i1234567-89f0-1234-5678-9abcdef01234. Status: 400. Duration: 0 ms","service":"booking-api"}
{"level":"info","message":"Timestamp: 8-12-2023, 20:57:37 Method: POST /login. Status: 400. Duration: 1 ms","service":"booking-api"}
{"level":"info","message":"Timestamp: 8-12-2023, 20:57:37 Method: GET /properties. Status: 400. Duration: 1 ms","service":"booking-api"}
{"level":"info","message":"Timestamp: 8-12-2023, 20:57:38 Method: POST /login. Status: 400. Duration: 1 ms","service":"booking-api"}
{"level":"info","message":"Timestamp: 8-12-2023, 20:57:38 Method: POST /properties. Status: 400. Duration: 0 ms","service":"booking-api"}
{"level":"info","message":"Timestamp: 8-12-2023, 20:57:38 Method: POST /login. Status: 400. Duration: 0 ms","service":"booking-api"}
{"level":"info","message":"Timestamp: 8-12-2023, 20:57:38 Method: GET /amenities/u3456789-01rs-tuvw-01cd-ef0123456789. Status: 400. Duration: 0 ms","service":"booking-api"}
{"level":"info","message":"Timestamp: 8-12-2023, 20:57:38 Method: POST /login. Status: 400. Duration: 0 ms","service":"booking-api"}
{"level":"info","message":"Timestamp: 8-12-2023, 20:57:38 Method: PUT /amenities/u3456789-01rs-tuvw-01cd-ef0123456789. Status: 400. Duration: 0 ms","service":"booking-api"}
{"level":"info","message":"Timestamp: 8-12-2023, 20:57:38 Method: POST /login. Status: 400. Duration: 0 ms","service":"booking-api"}
{"level":"info","message":"Timestamp: 8-12-2023, 20:57:38 Method: DELETE /amenities/u3456789-01rs-tuvw-01cd-ef0123456789. Status: 400. Duration: 1 ms","service":"booking-api"}
{"level":"info","message":"Timestamp: 8-12-2023, 20:57:38 Method: POST /login. Status: 400. Duration: 1 ms","service":"booking-api"}
{"level":"info","message":"Timestamp: 8-12-2023, 20:57:38 Method: GET /amenities. Status: 400. Duration: 1 ms","service":"booking-api"}
{"level":"info","message":"Timestamp: 8-12-2023, 20:57:38 Method: POST /login. Status: 400. Duration: 1 ms","service":"booking-api"}
{"level":"info","message":"Timestamp: 8-12-2023, 20:57:38 Method: POST /amenities. Status: 400. Duration: 1 ms","service":"booking-api"}
{"level":"info","message":"Timestamp: 8-12-2023, 20:57:38 Method: POST /login. Status: 400. Duration: 0 ms","service":"booking-api"}
{"level":"info","message":"Timestamp: 8-12-2023, 20:57:38 Method: GET /bookings/f0123456-78ab-cdef-0123-456789abcdef. Status: 400. Duration: 1 ms","service":"booking-api"}
{"level":"info","message":"Timestamp: 8-12-2023, 20:57:38 Method: POST /login. Status: 400. Duration: 0 ms","service":"booking-api"}
{"level":"info","message":"Timestamp: 8-12-2023, 20:57:38 Method: PUT /bookings/f0123456-78ab-cdef-0123-456789abcdef. Status: 400. Duration: 0 ms","service":"booking-api"}
{"level":"info","message":"Timestamp: 8-12-2023, 20:57:38 Method: POST /login. Status: 400. Duration: 0 ms","service":"booking-api"}
{"level":"info","message":"Timestamp: 8-12-2023, 20:57:38 Method: DELETE /bookings/f0123456-78ab-cdef-0123-456789abcdef. Status: 400. Duration: 1 ms","service":"booking-api"}
{"level":"info","message":"Timestamp: 8-12-2023, 20:57:38 Method: POST /login. Status: 400. Duration: 0 ms","service":"booking-api"}
{"level":"info","message":"Timestamp: 8-12-2023, 20:57:38 Method: GET /bookings. Status: 400. Duration: 0 ms","service":"booking-api"}
{"level":"info","message":"Timestamp: 8-12-2023, 20:57:39 Method: POST /login. Status: 400. Duration: 1 ms","service":"booking-api"}
{"level":"info","message":"Timestamp: 8-12-2023, 20:57:39 Method: POST /bookings. Status: 400. Duration: 1 ms","service":"booking-api"}
{"level":"info","message":"Timestamp: 8-12-2023, 20:57:39 Method: POST /login. Status: 400. Duration: 1 ms","service":"booking-api"}
{"level":"info","message":"Timestamp: 8-12-2023, 20:57:39 Method: GET /reviews/j0123456-78f0-1234-5678-9abcdef01234. Status: 400. Duration: 1 ms","service":"booking-api"}
{"level":"info","message":"Timestamp: 8-12-2023, 20:57:39 Method: POST /login. Status: 400. Duration: 1 ms","service":"booking-api"}
{"level":"info","message":"Timestamp: 8-12-2023, 20:57:39 Method: PUT /reviews/j0123456-78f0-1234-5678-9abcdef01234. Status: 400. Duration: 0 ms","service":"booking-api"}
{"level":"info","message":"Timestamp: 8-12-2023, 20:57:39 Method: POST /login. Status: 400. Duration: 0 ms","service":"booking-api"}
{"level":"info","message":"Timestamp: 8-12-2023, 20:57:39 Method: DELETE /reviews/j0123456-78f0-1234-5678-9abcdef01234. Status: 400. Duration: 1 ms","service":"booking-api"}
{"level":"info","message":"Timestamp: 8-12-2023, 20:57:39 Method: POST /login. Status: 400. Duration: 0 ms","service":"booking-api"}
{"level":"info","message":"Timestamp: 8-12-2023, 20:57:39 Method: GET /reviews. Status: 400. Duration: 1 ms","service":"booking-api"}
{"level":"info","message":"Timestamp: 8-12-2023, 20:57:39 Method: POST /login. Status: 400. Duration: 1 ms","service":"booking-api"}
{"level":"info","message":"Timestamp: 8-12-2023, 20:57:39 Method: POST /reviews. Status: 400. Duration: 1 ms","service":"booking-api"}
{"level":"info","message":"Timestamp: 8-12-2023, 20:57:39 Method: POST /login. Status: 400. Duration: 0 ms","service":"booking-api"}
{"level":"info","message":"Timestamp: 8-12-2023, 20:57:39 Method: POST /login. Status: 400. Duration: 0 ms","service":"booking-api"}
{"level":"info","message":"Timestamp: 8-12-2023, 21:01:55 Method: POST /login. Status: 400. Duration: 4 ms","service":"booking-api"}
{"level":"info","message":"Timestamp: 8-12-2023, 21:01:56 Method: POST /login. Status: 400. Duration: 1 ms","service":"booking-api"}
{"level":"info","message":"Timestamp: 8-12-2023, 21:01:57 Method: POST /login. Status: 400. Duration: 1 ms","service":"booking-api"}
{"level":"info","message":"Timestamp: 8-12-2023, 21:01:59 Method: POST /login. Status: 400. Duration: 0 ms","service":"booking-api"}
{"level":"info","message":"Timestamp: 8-12-2023, 21:01:59 Method: POST /login. Status: 400. Duration: 1 ms","service":"booking-api"}
{"level":"info","message":"Timestamp: 8-12-2023, 21:01:59 Method: POST /login. Status: 400. Duration: 0 ms","service":"booking-api"}
{"level":"info","message":"Timestamp: 8-12-2023, 21:01:59 Method: POST /login. Status: 400. Duration: 0 ms","service":"booking-api"}
{"level":"info","message":"Timestamp: 8-12-2023, 21:01:59 Method: POST /login. Status: 400. Duration: 1 ms","service":"booking-api"}
{"level":"info","message":"Timestamp: 8-12-2023, 21:01:59 Method: POST /login. Status: 400. Duration: 1 ms","service":"booking-api"}
{"level":"info","message":"Timestamp: 8-12-2023, 21:01:59 Method: POST /login. Status: 400. Duration: 0 ms","service":"booking-api"}
{"level":"info","message":"Timestamp: 8-12-2023, 21:01:59 Method: POST /login. Status: 400. Duration: 0 ms","service":"booking-api"}
{"level":"info","message":"Timestamp: 8-12-2023, 21:02:00 Method: POST /login. Status: 400. Duration: 1 ms","service":"booking-api"}
{"level":"info","message":"Timestamp: 8-12-2023, 21:02:00 Method: POST /login. Status: 400. Duration: 0 ms","service":"booking-api"}
{"level":"info","message":"Timestamp: 8-12-2023, 21:02:00 Method: POST /login. Status: 400. Duration: 1 ms","service":"booking-api"}
{"level":"info","message":"Timestamp: 8-12-2023, 21:02:00 Method: POST /login. Status: 400. Duration: 1 ms","service":"booking-api"}
{"level":"info","message":"Timestamp: 8-12-2023, 21:02:00 Method: POST /login. Status: 400. Duration: 0 ms","service":"booking-api"}
{"level":"info","message":"Timestamp: 8-12-2023, 21:02:00 Method: POST /login. Status: 400. Duration: 1 ms","service":"booking-api"}
{"level":"info","message":"Timestamp: 8-12-2023, 21:02:00 Method: POST /login. Status: 400. Duration: 1 ms","service":"booking-api"}
{"level":"info","message":"Timestamp: 8-12-2023, 21:02:00 Method: POST /login. Status: 400. Duration: 0 ms","service":"booking-api"}
{"level":"info","message":"Timestamp: 8-12-2023, 21:02:00 Method: POST /login. Status: 400. Duration: 1 ms","service":"booking-api"}
{"level":"info","message":"Timestamp: 8-12-2023, 21:02:00 Method: POST /login. Status: 400. Duration: 0 ms","service":"booking-api"}
{"level":"info","message":"Timestamp: 8-12-2023, 21:02:01 Method: POST /login. Status: 400. Duration: 1 ms","service":"booking-api"}
{"level":"info","message":"Timestamp: 8-12-2023, 21:02:01 Method: POST /login. Status: 400. Duration: 1 ms","service":"booking-api"}
{"level":"info","message":"Timestamp: 8-12-2023, 21:02:01 Method: POST /login. Status: 400. Duration: 1 ms","service":"booking-api"}
{"level":"info","message":"Timestamp: 8-12-2023, 21:02:01 Method: POST /login. Status: 400. Duration: 0 ms","service":"booking-api"}
{"level":"info","message":"Timestamp: 8-12-2023, 21:02:01 Method: POST /login. Status: 400. Duration: 0 ms","service":"booking-api"}
{"level":"info","message":"Timestamp: 8-12-2023, 21:02:01 Method: POST /login. Status: 400. Duration: 1 ms","service":"booking-api"}
{"level":"info","message":"Timestamp: 8-12-2023, 21:02:01 Method: POST /login. Status: 400. Duration: 0 ms","service":"booking-api"}
{"level":"info","message":"Timestamp: 8-12-2023, 21:02:01 Method: POST /login. Status: 400. Duration: 1 ms","service":"booking-api"}
{"level":"info","message":"Timestamp: 8-12-2023, 21:02:01 Method: POST /login. Status: 400. Duration: 0 ms","service":"booking-api"}
{"level":"info","message":"Timestamp: 8-12-2023, 21:02:01 Method: POST /login. Status: 400. Duration: 1 ms","service":"booking-api"}
{"level":"info","message":"Timestamp: 8-12-2023, 21:02:58 Method: GET /. Status: 400. Duration: 1 ms","service":"booking-api"}
{"level":"info","message":"Timestamp: 8-12-2023, 21:02:58 Method: GET /favicon.ico. Status: 400. Duration: 1 ms","service":"booking-api"}
{"level":"info","message":"Timestamp: 8-12-2023, 21:03:20 Method: GET /. Status: 200. Duration: 4 ms","service":"booking-api"}
{"level":"info","message":"Timestamp: 8-12-2023, 21:03:20 Method: GET /favicon.ico. Status: 404. Duration: 2 ms","service":"booking-api"}
{"level":"info","message":"Timestamp: 8-12-2023, 21:04:14 Method: POST /login. Status: 401. Duration: 4161 ms","service":"booking-api"}
{"level":"info","message":"Timestamp: 8-12-2023, 21:04:15 Method: GET /users/e5678901-23f0-1234-5678-9abcdef01234. Status: 200. Duration: 578 ms","service":"booking-api"}
{"level":"info","message":"Timestamp: 8-12-2023, 21:04:15 Method: POST /login. Status: 401. Duration: 3 ms","service":"booking-api"}
{"level":"info","message":"Timestamp: 8-12-2023, 21:04:15 Method: PUT /users/e5678901-23f0-1234-5678-9abcdef01234. Status: 403. Duration: 1 ms","service":"booking-api"}
{"level":"info","message":"Timestamp: 8-12-2023, 21:04:15 Method: POST /login. Status: 401. Duration: 24 ms","service":"booking-api"}
{"level":"info","message":"Timestamp: 8-12-2023, 21:04:15 Method: DELETE /users/e5678901-23f0-1234-5678-9abcdef01234. Status: 403. Duration: 1 ms","service":"booking-api"}
{"level":"info","message":"Timestamp: 8-12-2023, 21:04:15 Method: POST /login. Status: 401. Duration: 3 ms","service":"booking-api"}
{"level":"info","message":"Timestamp: 8-12-2023, 21:04:16 Method: GET /users. Status: 200. Duration: 480 ms","service":"booking-api"}
{"level":"info","message":"Timestamp: 8-12-2023, 21:04:16 Method: POST /login. Status: 401. Duration: 15 ms","service":"booking-api"}
{"level":"info","message":"Timestamp: 8-12-2023, 21:04:16 Method: POST /users. Status: 403. Duration: 1 ms","service":"booking-api"}
{"level":"info","message":"Timestamp: 8-12-2023, 21:04:16 Method: POST /login. Status: 401. Duration: 3 ms","service":"booking-api"}
{"level":"info","message":"Timestamp: 8-12-2023, 21:04:16 Method: GET /hosts/e2345678-90bc-def0-0123-456789abcdef. Status: 404. Duration: 2 ms","service":"booking-api"}
{"level":"info","message":"Timestamp: 8-12-2023, 21:04:16 Method: POST /login. Status: 401. Duration: 3 ms","service":"booking-api"}
{"level":"info","message":"Timestamp: 8-12-2023, 21:04:16 Method: PUT /hosts/e2345678-90bc-def0-0123-456789abcdef. Status: 404. Duration: 0 ms","service":"booking-api"}
{"level":"info","message":"Timestamp: 8-12-2023, 21:04:16 Method: POST /login. Status: 401. Duration: 36 ms","service":"booking-api"}
{"level":"info","message":"Timestamp: 8-12-2023, 21:04:16 Method: DELETE /hosts/e2345678-90bc-def0-0123-456789abcdef. Status: 404. Duration: 1 ms","service":"booking-api"}
{"level":"info","message":"Timestamp: 8-12-2023, 21:04:16 Method: POST /login. Status: 401. Duration: 3 ms","service":"booking-api"}
{"level":"info","message":"Timestamp: 8-12-2023, 21:04:17 Method: GET /hosts. Status: 404. Duration: 1 ms","service":"booking-api"}
{"level":"info","message":"Timestamp: 8-12-2023, 21:04:17 Method: POST /login. Status: 401. Duration: 2 ms","service":"booking-api"}
{"level":"info","message":"Timestamp: 8-12-2023, 21:04:17 Method: POST /hosts. Status: 404. Duration: 0 ms","service":"booking-api"}
{"level":"info","message":"Timestamp: 8-12-2023, 21:04:17 Method: POST /login. Status: 401. Duration: 142 ms","service":"booking-api"}
{"level":"info","message":"Timestamp: 8-12-2023, 21:04:17 Method: GET /properties/i1234567-89f0-1234-5678-9abcdef01234. Status: 404. Duration: 1 ms","service":"booking-api"}
{"level":"info","message":"Timestamp: 8-12-2023, 21:04:17 Method: POST /login. Status: 401. Duration: 3 ms","service":"booking-api"}
{"level":"info","message":"Timestamp: 8-12-2023, 21:04:17 Method: PUT /properties/i1234567-89f0-1234-5678-9abcdef01234. Status: 404. Duration: 0 ms","service":"booking-api"}
{"level":"info","message":"Timestamp: 8-12-2023, 21:04:17 Method: POST /login. Status: 401. Duration: 2 ms","service":"booking-api"}
{"level":"info","message":"Timestamp: 8-12-2023, 21:04:17 Method: DELETE /properties/i1234567-89f0-1234-5678-9abcdef01234. Status: 404. Duration: 1 ms","service":"booking-api"}
{"level":"info","message":"Timestamp: 8-12-2023, 21:04:17 Method: POST /login. Status: 401. Duration: 2 ms","service":"booking-api"}
{"level":"info","message":"Timestamp: 8-12-2023, 21:04:17 Method: GET /properties. Status: 404. Duration: 1 ms","service":"booking-api"}
{"level":"info","message":"Timestamp: 8-12-2023, 21:04:17 Method: POST /login. Status: 401. Duration: 2 ms","service":"booking-api"}
{"level":"info","message":"Timestamp: 8-12-2023, 21:04:17 Method: POST /properties. Status: 404. Duration: 0 ms","service":"booking-api"}
{"level":"info","message":"Timestamp: 8-12-2023, 21:04:17 Method: POST /login. Status: 401. Duration: 2 ms","service":"booking-api"}
{"level":"info","message":"Timestamp: 8-12-2023, 21:04:17 Method: GET /amenities/u3456789-01rs-tuvw-01cd-ef0123456789. Status: 404. Duration: 1 ms","service":"booking-api"}
{"level":"info","message":"Timestamp: 8-12-2023, 21:04:17 Method: POST /login. Status: 401. Duration: 3 ms","service":"booking-api"}
{"level":"info","message":"Timestamp: 8-12-2023, 21:04:17 Method: PUT /amenities/u3456789-01rs-tuvw-01cd-ef0123456789. Status: 404. Duration: 1 ms","service":"booking-api"}
{"level":"info","message":"Timestamp: 8-12-2023, 21:04:18 Method: POST /login. Status: 401. Duration: 2 ms","service":"booking-api"}
{"level":"info","message":"Timestamp: 8-12-2023, 21:04:18 Method: DELETE /amenities/u3456789-01rs-tuvw-01cd-ef0123456789. Status: 404. Duration: 0 ms","service":"booking-api"}
{"level":"info","message":"Timestamp: 8-12-2023, 21:04:18 Method: POST /login. Status: 401. Duration: 2 ms","service":"booking-api"}
{"level":"info","message":"Timestamp: 8-12-2023, 21:04:18 Method: GET /amenities. Status: 404. Duration: 1 ms","service":"booking-api"}
{"level":"info","message":"Timestamp: 8-12-2023, 21:04:18 Method: POST /login. Status: 401. Duration: 2 ms","service":"booking-api"}
{"level":"info","message":"Timestamp: 8-12-2023, 21:04:18 Method: POST /amenities. Status: 404. Duration: 0 ms","service":"booking-api"}
{"level":"info","message":"Timestamp: 8-12-2023, 21:04:18 Method: POST /login. Status: 401. Duration: 2 ms","service":"booking-api"}
{"level":"info","message":"Timestamp: 8-12-2023, 21:04:20 Method: GET /bookings/f0123456-78ab-cdef-0123-456789abcdef. Status: 200. Duration: 1748 ms","service":"booking-api"}
{"level":"info","message":"Timestamp: 8-12-2023, 21:04:20 Method: POST /login. Status: 401. Duration: 2 ms","service":"booking-api"}
{"level":"info","message":"Timestamp: 8-12-2023, 21:04:20 Method: PUT /bookings/f0123456-78ab-cdef-0123-456789abcdef. Status: 403. Duration: 0 ms","service":"booking-api"}
{"level":"info","message":"Timestamp: 8-12-2023, 21:04:20 Method: POST /login. Status: 401. Duration: 2 ms","service":"booking-api"}
{"level":"info","message":"Timestamp: 8-12-2023, 21:04:20 Method: DELETE /bookings/f0123456-78ab-cdef-0123-456789abcdef. Status: 403. Duration: 1 ms","service":"booking-api"}
{"level":"info","message":"Timestamp: 8-12-2023, 21:04:20 Method: POST /login. Status: 401. Duration: 3 ms","service":"booking-api"}
{"level":"info","message":"Timestamp: 8-12-2023, 21:04:20 Method: GET /bookings. Status: 200. Duration: 96 ms","service":"booking-api"}
{"level":"info","message":"Timestamp: 8-12-2023, 21:04:20 Method: POST /login. Status: 401. Duration: 2 ms","service":"booking-api"}
{"level":"info","message":"Timestamp: 8-12-2023, 21:04:20 Method: POST /bookings. Status: 403. Duration: 1 ms","service":"booking-api"}
{"level":"info","message":"Timestamp: 8-12-2023, 21:04:20 Method: POST /login. Status: 401. Duration: 2 ms","service":"booking-api"}
{"level":"info","message":"Timestamp: 8-12-2023, 21:04:20 Method: GET /reviews/j0123456-78f0-1234-5678-9abcdef01234. Status: 404. Duration: 1 ms","service":"booking-api"}
{"level":"info","message":"Timestamp: 8-12-2023, 21:04:20 Method: POST /login. Status: 401. Duration: 2 ms","service":"booking-api"}
{"level":"info","message":"Timestamp: 8-12-2023, 21:04:20 Method: PUT /reviews/j0123456-78f0-1234-5678-9abcdef01234. Status: 404. Duration: 0 ms","service":"booking-api"}
{"level":"info","message":"Timestamp: 8-12-2023, 21:04:20 Method: POST /login. Status: 401. Duration: 2 ms","service":"booking-api"}
{"level":"info","message":"Timestamp: 8-12-2023, 21:04:20 Method: DELETE /reviews/j0123456-78f0-1234-5678-9abcdef01234. Status: 404. Duration: 0 ms","service":"booking-api"}
{"level":"info","message":"Timestamp: 8-12-2023, 21:04:20 Method: POST /login. Status: 401. Duration: 2 ms","service":"booking-api"}
{"level":"info","message":"Timestamp: 8-12-2023, 21:04:21 Method: GET /reviews. Status: 404. Duration: 1 ms","service":"booking-api"}
{"level":"info","message":"Timestamp: 8-12-2023, 21:04:21 Method: POST /login. Status: 401. Duration: 2 ms","service":"booking-api"}
{"level":"info","message":"Timestamp: 8-12-2023, 21:04:21 Method: POST /reviews. Status: 404. Duration: 0 ms","service":"booking-api"}
{"level":"info","message":"Timestamp: 8-12-2023, 21:04:21 Method: POST /login. Status: 401. Duration: 2 ms","service":"booking-api"}
{"level":"info","message":"Timestamp: 8-12-2023, 21:04:21 Method: POST /login. Status: 401. Duration: 2 ms","service":"booking-api"}
{"level":"info","message":"Timestamp: 8-12-2023, 21:13:40 Method: POST /login. Status: 401. Duration: 911 ms","service":"booking-api"}
{"level":"info","message":"Timestamp: 8-12-2023, 21:18:58 Method: POST /login. Status: 200. Duration: 51 ms","service":"booking-api"}
{"level":"info","message":"Timestamp: 8-12-2023, 21:18:58 Method: GET /users/e5678901-23f0-1234-5678-9abcdef01234. Status: 200. Duration: 88 ms","service":"booking-api"}
{"level":"info","message":"Timestamp: 8-12-2023, 21:18:58 Method: POST /login. Status: 200. Duration: 4 ms","service":"booking-api"}
{"level":"info","message":"Timestamp: 8-12-2023, 21:18:58 Method: PUT /users/e5678901-23f0-1234-5678-9abcdef01234. Status: 200. Duration: 156 ms","service":"booking-api"}
{"level":"info","message":"Timestamp: 8-12-2023, 21:18:59 Method: POST /login. Status: 200. Duration: 4 ms","service":"booking-api"}
{"level":"info","message":"Timestamp: 8-12-2023, 21:18:59 Method: DELETE /users/e5678901-23f0-1234-5678-9abcdef01234. Status: 200. Duration: 70 ms","service":"booking-api"}
{"level":"info","message":"Timestamp: 8-12-2023, 21:18:59 Method: POST /login. Status: 200. Duration: 14 ms","service":"booking-api"}
{"level":"info","message":"Timestamp: 8-12-2023, 21:18:59 Method: GET /users. Status: 200. Duration: 33 ms","service":"booking-api"}
{"level":"info","message":"Timestamp: 8-12-2023, 21:18:59 Method: POST /login. Status: 200. Duration: 4 ms","service":"booking-api"}
{"level":"info","message":"Timestamp: 8-12-2023, 21:18:59 Method: POST /users. Status: 201. Duration: 2 ms","service":"booking-api"}
{"level":"info","message":"Timestamp: 8-12-2023, 21:35:12 Method: POST /login. Status: 200. Duration: 2499 ms","service":"booking-api"}
{"level":"info","message":"Timestamp: 8-12-2023, 21:35:12 Method: GET /users/e5678901-23f0-1234-5678-9abcdef01234. Status: 500. Duration: 259 ms","service":"booking-api"}
{"level":"info","message":"Timestamp: 8-12-2023, 21:35:12 Method: POST /login. Status: 200. Duration: 4 ms","service":"booking-api"}
{"level":"info","message":"Timestamp: 8-12-2023, 21:35:12 Method: PUT /users/e5678901-23f0-1234-5678-9abcdef01234. Status: 500. Duration: 146 ms","service":"booking-api"}
{"level":"info","message":"Timestamp: 8-12-2023, 21:35:12 Method: POST /login. Status: 200. Duration: 3 ms","service":"booking-api"}
{"level":"info","message":"Timestamp: 8-12-2023, 21:35:12 Method: DELETE /users/e5678901-23f0-1234-5678-9abcdef01234. Status: 500. Duration: 34 ms","service":"booking-api"}
{"level":"info","message":"Timestamp: 8-12-2023, 21:35:12 Method: POST /login. Status: 200. Duration: 3 ms","service":"booking-api"}
{"level":"info","message":"Timestamp: 8-12-2023, 21:35:12 Method: GET /users. Status: 200. Duration: 58 ms","service":"booking-api"}
{"level":"info","message":"Timestamp: 8-12-2023, 21:35:13 Method: POST /login. Status: 200. Duration: 5 ms","service":"booking-api"}
{"level":"info","message":"Timestamp: 8-12-2023, 21:35:13 Method: POST /users. Status: 201. Duration: 2 ms","service":"booking-api"}
